<?xml version="1.0" encoding="UTF-8"?>
<!-- Generated by org.testng.reporters.JUnitReportReporter -->
<testsuite hostname="DESKTOP-B4DKAA3" failures="0" tests="7" name="tests.Runner" time="5.726" errors="0" timestamp="2024-03-25T11:02:12 IST" skipped="0">
  <testcase classname="tests.Runner" name="runScenario" time="0.368"/>
  <testcase classname="tests.Runner" name="runScenario" time="0.555"/>
  <testcase classname="tests.Runner" name="runScenario" time="1.392"/>
  <testcase classname="tests.Runner" name="runScenario" time="0.357"/>
  <testcase classname="tests.Runner" name="runScenario" time="2.254"/>
  <testcase classname="tests.Runner" name="runScenario" time="0.395"/>
  <testcase classname="tests.Runner" name="runScenario" time="0.405"/>
</testsuite> <!-- tests.Runner -->
